
Showing logs for build [32mcb-kubecd-environment-pr-184-59-fktq9-1[0m stage [32mfrom-build-pack[0m and container [32mstep-credential-initializer-jhnqn[0m
{"level":"warn","ts":1584572026.1199138,"logger":"fallback-logger","caller":"logging/config.go:69","msg":"Fetch GitHub commit ID from kodata failed: \"ref: refs/heads/0.8.0-**-support-backwards-incompats\" is not a valid GitHub commit ID"}
{"level":"info","ts":1584572026.1203842,"logger":"fallback-logger","caller":"creds-init/main.go:40","msg":"Credentials initialized."}

Showing logs for build [32mcb-kubecd-environment-pr-184-59-fktq9-1[0m stage [32mfrom-build-pack[0m and container [32mstep-working-dir-initializer-zbc54[0m
{"level":"warn","ts":1584572027.1530998,"logger":"fallback-logger","caller":"logging/config.go:69","msg":"Fetch GitHub commit ID from kodata failed: open /var/run/ko/HEAD: no such file or directory"}
{"level":"info","ts":1584572027.1547222,"logger":"fallback-logger","caller":"bash/main.go:64","msg":"Successfully executed command \"sh -c mkdir -p /workspace/source\"; output "}

Showing logs for build [32mcb-kubecd-environment-pr-184-59-fktq9-1[0m stage [32mfrom-build-pack[0m and container [32mstep-place-tools[0m

Showing logs for build [32mcb-kubecd-environment-pr-184-59-fktq9-1[0m stage [32mfrom-build-pack[0m and container [32mstep-git-source-cb-kubecd-environment-pr-184-59-fktq9-v67lw[0m
{"level":"warn","ts":1584572031.24362,"logger":"fallback-logger","caller":"logging/config.go:69","msg":"Fetch GitHub commit ID from kodata failed: \"ref: refs/heads/0.8.0-**-support-backwards-incompats\" is not a valid GitHub commit ID"}
{"level":"info","ts":1584572032.242567,"logger":"fallback-logger","caller":"git/git.go:103","msg":"Successfully cloned https://github.com/cb-kubecd/environment-pr-184-59-boot-vault-gke-production.git @ master in path /workspace/source"}

Showing logs for build [32mcb-kubecd-environment-pr-184-59-fktq9-1[0m stage [32mfrom-build-pack[0m and container [32mstep-git-merge[0m
Using SHAs from PULL_REFS=master:835de2988b7c1ebe8d92c4b218cdd3f0e1872547,1:a15001d87139b0f4d7fdbc0adc451866c1de5b88
DEBUG: LC_ALL=C JX_LOG_LEVEL=error git fetch origin --unshallow a15001d87139b0f4d7fdbc0adc451866c1de5b88: 835de2988b7c1ebe8d92c4b218cdd3f0e1872547:
DEBUG: ran git fetch --unshallow origin a15001d87139b0f4d7fdbc0adc451866c1de5b88: 835de2988b7c1ebe8d92c4b218cdd3f0e1872547: in 
DEBUG: LC_ALL=C JX_LOG_LEVEL=error git branch
DEBUG: LC_ALL=C JX_LOG_LEVEL=error git checkout master
DEBUG: ran git checkout master in 
DEBUG: LC_ALL=C JX_LOG_LEVEL=error git reset --hard 835de2988b7c1ebe8d92c4b218cdd3f0e1872547
DEBUG: ran git reset --hard 835de2988b7c1ebe8d92c4b218cdd3f0e1872547 in 
DEBUG: LC_ALL=C JX_LOG_LEVEL=error git clean -fd .
DEBUG: ran clean --force -d . in 
DEBUG: LC_ALL=C JX_LOG_LEVEL=error git merge a15001d87139b0f4d7fdbc0adc451866c1de5b88
DEBUG: ran git merge a15001d87139b0f4d7fdbc0adc451866c1de5b88 in 
DEBUG: JX_LOG_LEVEL=error LC_ALL=C git log --format=%H%x1f%an%x1f%ae%x1f%cn%x1f%ce%x1f%s%n%b%x1e 835de2988b7c1ebe8d92c4b218cdd3f0e1872547..HEAD
Merged SHA a15001d87139b0f4d7fdbc0adc451866c1de5b88 with commit message 'chore: Promote bdd-spring-1584570878 to version 0.0.1' into base branch master

Showing logs for build [32mcb-kubecd-environment-pr-184-59-fktq9-1[0m stage [32mfrom-build-pack[0m and container [32mstep-build-helm-build[0m
WARNING: No $CHART_REPOSITORY defined so using the default value of: http://jenkins-x-chartmuseum:8080
Adding missing Helm repo: storage.googleapis.com https://storage.googleapis.com/chartmuseum.jenkins-x.io
WARNING: No secrets found on "helm/repos" due: reading the secret "helm/repos" from vault: no secret "helm/repos" not found in vault
Read credentials for https://storage.googleapis.com/chartmuseum.jenkins-x.io from vault helm/repos
Successfully added Helm repository storage.googleapis.com.
Adding missing Helm repo: jenkins-x-chartmuseum http://jenkins-x-chartmuseum:8080
WARNING: No secrets found on "helm/repos" due: reading the secret "helm/repos" from vault: no secret "helm/repos" not found in vault
Read credentials for http://jenkins-x-chartmuseum:8080 from vault helm/repos
Successfully added Helm repository jenkins-x-chartmuseum.
WARNING: No $CHART_REPOSITORY defined so using the default value of: http://jenkins-x-chartmuseum:8080
Adding missing Helm repo: chartmuseum.jenkins-x.io http://chartmuseum.jenkins-x.io
WARNING: No secrets found on "helm/repos" due: reading the secret "helm/repos" from vault: no secret "helm/repos" not found in vault
Read credentials for http://chartmuseum.jenkins-x.io from vault helm/repos
Successfully added Helm repository chartmuseum.jenkins-x.io.
